This is pdfTeX, Version 3.141592-1.40.4 (MiKTeX 2.6) (preloaded format=pdflatex 2009.9.22)  3 JAN 2010 21:31
entering extended mode
**C:/projects/cinar-agaci-01/ari-kovani-01/latex-01/conference-paper-01/conference_paper_01.tex
(C:\projects\cinar-agaci-01\ari-kovani-01\latex-01\conference-paper-01\conference_paper_01.tex
LaTeX2e <2005/12/01>
Babel <v3.8g> and hyphenation patterns for english, dumylang, nohyphenation, german, ngerman, french, loaded.
(C:\tex\MiKTeX26\tex\latex\paper\paper.cls
Document Class: paper 2008/05/30 1.0l LaTeX document class (wm).
\hours=\count79
\minutes=\count80
(C:\tex\MiKTeX26\tex\latex\base\size12.clo
File: size12.clo 2005/09/16 v1.4f Standard LaTeX file (size option)
)
\beforetitlespace=\skip41
\c@part=\count81
\c@section=\count82
\c@subsection=\count83
\c@subsubsection=\count84
\c@paragraph=\count85
\c@subparagraph=\count86
\exampleindent=\skip42
\c@figure=\count87
\c@table=\count88
\abovecaptionskip=\skip43
\belowcaptionskip=\skip44
\bibindent=\dimen102
) (C:\tex\MiKTeX26\tex\latex\base\inputenc.sty
Package: inputenc 2006/05/05 v1.1b Input encoding file
\inpenc@prehook=\toks14
\inpenc@posthook=\toks15

(C:\tex\MiKTeX26\tex\latex\base\latin5.def
File: latin5.def 2006/05/05 v1.1b Input encoding file
)) (C:\tex\MiKTeX26\tex\latex\base\fontenc.sty
Package: fontenc 2005/09/27 v1.99g Standard LaTeX package

(C:\tex\MiKTeX26\tex\latex\base\t1enc.def
File: t1enc.def 2005/09/27 v1.99g Standard LaTeX file
LaTeX Font Info:    Redeclaring font encoding T1 on input line 43.
)) (C:\tex\MiKTeX26\tex\latex\graphics\graphicx.sty
Package: graphicx 1999/02/16 v1.0f Enhanced LaTeX Graphics (DPC,SPQR)

(C:\tex\MiKTeX26\tex\latex\graphics\keyval.sty
Package: keyval 1999/03/16 v1.13 key=value parser (DPC)
\KV@toks@=\toks16
) (C:\tex\MiKTeX26\tex\latex\graphics\graphics.sty
Package: graphics 2006/02/20 v1.0o Standard LaTeX Graphics (DPC,SPQR)

(C:\tex\MiKTeX26\tex\latex\graphics\trig.sty
Package: trig 1999/03/16 v1.09 sin cos tan (DPC)
) (C:\tex\MiKTeX26\tex\latex\00miktex\graphics.cfg
File: graphics.cfg 2007/01/18 v1.5 graphics configuration of teTeX/TeXLive
)
Package graphics Info: Driver file: pdftex.def on input line 90.

(C:\tex\MiKTeX26\tex\latex\graphics\pdftex.def
File: pdftex.def 2007/06/12 v0.04h Graphics/color for pdfTeX
\Gread@gobject=\count89
))
\Gin@req@height=\dimen103
\Gin@req@width=\dimen104
) (C:\tex\MiKTeX26\tex\latex\amsmath\amsmath.sty
Package: amsmath 2000/07/18 v2.13 AMS math features
\@mathmargin=\skip45

For additional information on amsmath, use the `?' option.
(C:\tex\MiKTeX26\tex\latex\amsmath\amstext.sty
Package: amstext 2000/06/29 v2.01
 (C:\tex\MiKTeX26\tex\latex\amsmath\amsgen.sty
File: amsgen.sty 1999/11/30 v2.0
\@emptytoks=\toks17
\ex@=\dimen105
))
(C:\tex\MiKTeX26\tex\latex\amsmath\amsbsy.sty
Package: amsbsy 1999/11/29 v1.2d
\pmbraise@=\dimen106
) (C:\tex\MiKTeX26\tex\latex\amsmath\amsopn.sty
Package: amsopn 1999/12/14 v2.01 operator names
)
\inf@bad=\count90
LaTeX Info: Redefining \frac on input line 211.
\uproot@=\count91
\leftroot@=\count92
LaTeX Info: Redefining \overline on input line 307.
\classnum@=\count93
\DOTSCASE@=\count94
LaTeX Info: Redefining \ldots on input line 379.
LaTeX Info: Redefining \dots on input line 382.
LaTeX Info: Redefining \cdots on input line 467.
\Mathstrutbox@=\box26
\strutbox@=\box27
\big@size=\dimen107
LaTeX Font Info:    Redeclaring font encoding OML on input line 567.
LaTeX Font Info:    Redeclaring font encoding OMS on input line 568.
\macc@depth=\count95
\c@MaxMatrixCols=\count96
\dotsspace@=\muskip10
\c@parentequation=\count97
\dspbrk@lvl=\count98
\tag@help=\toks18
\row@=\count99
\column@=\count100
\maxfields@=\count101
\andhelp@=\toks19
\eqnshift@=\dimen108
\alignsep@=\dimen109
\tagshift@=\dimen110
\tagwidth@=\dimen111
\totwidth@=\dimen112
\lineht@=\dimen113
\@envbody=\toks20
\multlinegap=\skip46
\multlinetaggap=\skip47
\mathdisplay@stack=\toks21
LaTeX Info: Redefining \[ on input line 2666.
LaTeX Info: Redefining \] on input line 2667.
)
(C:\tex\MiKTeX26\tex\latex\amsfonts\amssymb.sty
Package: amssymb 2002/01/22 v2.2d
 (C:\tex\MiKTeX26\tex\latex\amsfonts\amsfonts.sty
Package: amsfonts 2001/10/25 v2.2f
\symAMSa=\mathgroup4
\symAMSb=\mathgroup5
LaTeX Font Info:    Overwriting math alphabet `\mathfrak' in version `bold'
(Font)                  U/euf/m/n --> U/euf/b/n on input line 132.
))
(C:\tex\MiKTeX26\tex\latex\listings\listings.sty
\lst@mode=\count102
\lst@gtempboxa=\box28
\lst@token=\toks22
\lst@length=\count103
\lst@currlwidth=\dimen114
\lst@column=\count104
\lst@pos=\count105
\lst@lostspace=\dimen115
\lst@width=\dimen116
\lst@newlines=\count106
\lst@lineno=\count107
\lst@maxwidth=\dimen117
 (C:\tex\MiKTeX26\tex\latex\listings\lstmisc.sty
File: lstmisc.sty 2007/02/22 1.4 (Carsten Heinz)
\c@lstnumber=\count108
\lst@skipnumbers=\count109
\lst@framebox=\box29
)
(C:\tex\MiKTeX26\tex\latex\listings\listings.cfg
File: listings.cfg 2007/02/22 1.4 listings configuration
))
Package: listings 2007/02/22 1.4 (Carsten Heinz)
 (C:\tex\MiKTeX26\tex\latex\tools\verbatim.sty
Package: verbatim 2003/08/22 v1.5q LaTeX2e package for verbatim enhancements
\every@verbatim=\toks23
\verbatim@line=\toks24
\verbatim@in@stream=\read1
)
(C:\tex\MiKTeX26\tex\latex\rotating\rotating.sty
Package: rotating 2009/03/28 v2.16a rotated objects in LaTeX
 (C:\tex\MiKTeX26\tex\latex\base\ifthen.sty
Package: ifthen 2001/05/26 v1.1c Standard LaTeX ifthen package (DPC)
)
\c@r@tfl@t=\count110
\rotFPtop=\skip48
\rotFPbot=\skip49
\rot@float@box=\box30
\rot@mess@toks=\toks25
)
(C:\tex\MiKTeX26\tex\latex\float\float.sty
Package: float 2001/11/08 v1.3d Float enhancements (AL)
\c@float@type=\count111
\float@exts=\toks26
\float@box=\box31
\@float@everytoks=\toks27
\@floatcapt=\box32
) (C:\tex\MiKTeX26\tex\latex\bigfoot\perpage.sty
Package: perpage 2006/07/15 1.12 Reset/sort counters per page
\c@abspage=\count112
)
(C:\tex\MiKTeX26\tex\latex\setspace\setspace.sty
Package: setspace 2000/12/01 6.7 Contributed and Supported LaTeX2e package

Package: `setspace' 6.7 <2000/12/01>
)
\c@pp@a@figure=\count113
\c@pp@a@table=\count114
 (C:\projects\cinar-agaci-01\ari-kovani-01\latex-01\conference-paper-01\temp\conference_paper_01.aux)
LaTeX Font Info:    Checking defaults for OML/cmm/m/it on input line 28.
LaTeX Font Info:    ... okay on input line 28.
LaTeX Font Info:    Checking defaults for T1/cmr/m/n on input line 28.
LaTeX Font Info:    ... okay on input line 28.
LaTeX Font Info:    Checking defaults for OT1/cmr/m/n on input line 28.
LaTeX Font Info:    ... okay on input line 28.
LaTeX Font Info:    Checking defaults for OMS/cmsy/m/n on input line 28.
LaTeX Font Info:    ... okay on input line 28.
LaTeX Font Info:    Checking defaults for OMX/cmex/m/n on input line 28.
LaTeX Font Info:    ... okay on input line 28.
LaTeX Font Info:    Checking defaults for U/cmr/m/n on input line 28.
LaTeX Font Info:    ... okay on input line 28.

(C:\tex\MiKTeX26\tex\context\base\supp-pdf.tex
[Loading MPS to PDF converter (version 2006.09.02).]
\scratchcounter=\count115
\scratchdimen=\dimen118
\scratchbox=\box33
\nofMPsegments=\count116
\nofMParguments=\count117
\MPscratchCnt=\count118
\MPscratchDim=\dimen119
\MPnumerator=\count119
\everyMPtoPDFconversion=\toks28
)
\c@lstlisting=\count120
LaTeX Font Info:    Try loading font information for T1+cmss on input line 54.
 (C:\tex\MiKTeX26\tex\latex\base\t1cmss.fd
File: t1cmss.fd 1999/05/25 v2.5h Standard LaTeX font definitions
)
LaTeX Font Info:    Try loading font information for U+msa on input line 54.
 (C:\tex\MiKTeX26\tex\latex\amsfonts\umsa.fd
File: umsa.fd 2002/01/19 v2.2g AMS font definitions
)
LaTeX Font Info:    Try loading font information for U+msb on input line 54.

(C:\tex\MiKTeX26\tex\latex\amsfonts\umsb.fd
File: umsb.fd 2002/01/19 v2.2g AMS font definitions
)
LaTeX Font Info:    Try loading font information for T1+cmtt on input line 54.
 (C:\tex\MiKTeX26\tex\latex\base\t1cmtt.fd
File: t1cmtt.fd 1999/05/25 v2.5h Standard LaTeX font definitions
) [1


{psfonts.map}] [2] [3]
[4] [5] [6] [7] [8]
Underfull \hbox (badness 10000) in paragraph at lines 177--178

 []

<images/807.jpg, id=39, 293.095pt x 403.5075pt>
File: images/807.jpg Graphic file (type jpg)
 <use images/807.jpg> [9 <images/807.jpg>]
Underfull \hbox (badness 10000) in paragraph at lines 194--195

 []

<images/808.jpg, id=44, 656.4525pt x 406.51875pt>
File: images/808.jpg Graphic file (type jpg)
 <use images/808.jpg>
Overfull \hbox (6.79999pt too wide) in paragraph at lines 198--199
 [][] 
 []

[10] [11 <images/808.jpg>]
Underfull \hbox (badness 10000) in paragraph at lines 213--214

 []

<images/809.jpg, id=52, 477.785pt x 214.8025pt>
File: images/809.jpg Graphic file (type jpg)
 <use images/809.jpg> [12 <images/809.jpg>]
Underfull \hbox (badness 10000) in paragraph at lines 224--225

 []

<images/810.jpg, id=56, 429.605pt x 178.6675pt>
File: images/810.jpg Graphic file (type jpg)
 <use images/810.jpg> [13 <images/810.jpg>]
<images/895.jpg, id=61, 615.46065pt x 690.06194pt>
File: images/895.jpg Graphic file (type jpg)
 <use images/895.jpg> [14] [15 <images/895.jpg>] [16]
(C:\projects\cinar-agaci-01\ari-kovani-01\latex-01\conference-paper-01\temp\conference_paper_01.aux)

LaTeX Warning: Label(s) may have changed. Rerun to get cross-references right.

 ) 
Here is how much of TeX's memory you used:
 4306 strings out of 95295
 50569 string characters out of 1185199
 103022 words of memory out of 1101602
 7260 multiletter control sequences out of 60000
 23934 words of font info for 59 fonts, out of 1000000 for 2000
 14 hyphenation exceptions out of 8191
 27i,8n,32p,1065b,1039s stack positions out of 5000i,500n,10000p,200000b,32768s
 <C:\Documents and Settings\All Users.WINDOWS\Application Data\MiKTeX\2.6\fonts\pk\ljfour\jknappen\ec\dpi600\ecti1200.
pk> <C:\Documents and Settings\All Users.WINDOWS\Application Data\MiKTeX\2.6\fonts\pk\ljfour\jknappen\ec\dpi600\ectt1000
.pk> <C:\Documents and Settings\All Users.WINDOWS\Application Data\MiKTeX\2.6\fonts\pk\ljfour\jknappen\ec\dpi600\ecsx120
0.pk> <C:\Documents and Settings\All Users.WINDOWS\Application Data\MiKTeX\2.6\fonts\pk\ljfour\jknappen\ec\dpi600\ecss12
00.pk> <C:\Documents and Settings\All Users.WINDOWS\Application Data\MiKTeX\2.6\fonts\pk\ljfour\jknappen\ec\dpi600\ecss1
095.pk> <C:\Documents and Settings\All Users.WINDOWS\Application Data\MiKTeX\2.6\fonts\pk\ljfour\jknappen\ec\dpi600\ecrm
1200.pk> <C:\Documents and Settings\All Users.WINDOWS\Application Data\MiKTeX\2.6\fonts\pk\ljfour\jknappen\ec\dpi600\ecs
x1440.pk> <C:\Documents and Settings\All Users.WINDOWS\Application Data\MiKTeX\2.6\fonts\pk\ljfour\jknappen\ec\dpi600\ec
rm1095.pk> <C:\Documents and Settings\All Users.WINDOWS\Application Data\MiKTeX\2.6\fonts\pk\ljfour\jknappen\ec\dpi600\e
csx1095.pk> <C:\Documents and Settings\All Users.WINDOWS\Application Data\MiKTeX\2.6\fonts\pk\ljfour\jknappen\ec\dpi600\
ecst1728.pk> <C:\Documents and Settings\All Users.WINDOWS\Application Data\MiKTeX\2.6\fonts\pk\ljfour\jknappen\ec\dpi600
\ecsi1728.pk> <C:\Documents and Settings\All Users.WINDOWS\Application Data\MiKTeX\2.6\fonts\pk\ljfour\jknappen\ec\dpi60
0\ecsx2074.pk><C:/tex/MiKTeX26/fonts/type1/bluesky/cm/cmmi12.pfb><C:/tex/MiKTeX26/fonts/type1/bluesky/cm/cmmi8.pfb><C:/t
ex/MiKTeX26/fonts/type1/bluesky/cm/cmr12.pfb><C:/tex/MiKTeX26/fonts/type1/bluesky/cm/cmsy10.pfb>
Output written on conference_paper_01.pdf (16 pages, 410115 bytes).
PDF statistics:
 429 PDF objects out of 300000 (max. 8388607)
 0 named destinations out of 300000 (max. 131072)
 26 words of extra memory for PDF output out of 65536 (max. 10000000)

